0 verbose cli /usr/local/bin/node /usr/local/bin/npm
1 info using npm@11.8.0
2 info using node@v24.13.1
3 silly config load:file:/usr/local/lib/node_modules/npm/npmrc
4 silly config load:file:/Users/mortenaabomacair/pulsefeed/web/.npmrc
5 silly config load:file:/Users/mortenaabomacair/.npmrc
6 silly config load:file:/usr/local/etc/npmrc
7 verbose title npm install tailwindcss@^4 @tailwindcss/postcss@^4 @supabase/supabase-js @supabase/ssr
8 verbose argv "install" "--cache" "/Users/mortenaabomacair/pulsefeed/.npm-cache" "tailwindcss@^4" "@tailwindcss/postcss@^4" "@supabase/supabase-js" "@supabase/ssr"
9 verbose logfile logs-max:10 dir:/Users/mortenaabomacair/pulsefeed/.npm-cache/_logs/2026-02-23T15_57_21_142Z-
10 verbose logfile /Users/mortenaabomacair/pulsefeed/.npm-cache/_logs/2026-02-23T15_57_21_142Z-debug-0.log
11 silly logfile done cleaning log files
12 silly packumentCache heap:4496293888 maxSize:1124073472 maxEntrySize:562036736
13 silly idealTree buildDeps
14 silly fetch manifest tailwindcss@^4
15 silly packumentCache full:https://registry.npmjs.org/tailwindcss cache-miss
16 http fetch GET 200 https://registry.npmjs.org/tailwindcss 798ms (cache miss)
17 silly packumentCache full:https://registry.npmjs.org/tailwindcss set size:undefined disposed:false
18 silly fetch manifest @tailwindcss/postcss@^4
19 silly packumentCache full:https://registry.npmjs.org/@tailwindcss%2fpostcss cache-miss
20 http fetch GET 200 https://registry.npmjs.org/@tailwindcss%2fpostcss 108ms (cache miss)
21 silly packumentCache full:https://registry.npmjs.org/@tailwindcss%2fpostcss set size:undefined disposed:false
22 silly fetch manifest @supabase/supabase-js@*
23 silly packumentCache full:https://registry.npmjs.org/@supabase%2fsupabase-js cache-miss
24 http fetch GET 200 https://registry.npmjs.org/@supabase%2fsupabase-js 892ms (cache miss)
25 silly packumentCache full:https://registry.npmjs.org/@supabase%2fsupabase-js set size:undefined disposed:false
26 silly fetch manifest @supabase/ssr@*
27 silly packumentCache full:https://registry.npmjs.org/@supabase%2fssr cache-miss
28 http fetch GET 200 https://registry.npmjs.org/@supabase%2fssr 587ms (cache miss)
29 silly packumentCache full:https://registry.npmjs.org/@supabase%2fssr set size:undefined disposed:false
30 silly placeDep ROOT @supabase/ssr@0.8.0 OK for: web@0.1.0 want: *
31 silly placeDep ROOT @supabase/supabase-js@2.97.0 OK for: @supabase/ssr@0.8.0 want: ^2.76.1
32 silly placeDep ROOT @supabase/supabase-js@2.97.0 REPLACE for: web@0.1.0 want: *
33 silly placeDep ROOT @tailwindcss/postcss@4.2.1 OK for: web@0.1.0 want: ^4
34 silly placeDep ROOT tailwindcss@4.2.1 OK for: web@0.1.0 want: ^4
35 silly fetch manifest cookie@^1.0.2
36 silly packumentCache full:https://registry.npmjs.org/cookie cache-miss
37 silly fetch manifest @supabase/auth-js@2.97.0
38 silly packumentCache full:https://registry.npmjs.org/@supabase%2fauth-js cache-miss
39 silly fetch manifest @supabase/storage-js@2.97.0
40 silly packumentCache full:https://registry.npmjs.org/@supabase%2fstorage-js cache-miss
41 silly fetch manifest @supabase/realtime-js@2.97.0
42 silly packumentCache full:https://registry.npmjs.org/@supabase%2frealtime-js cache-miss
43 silly fetch manifest @supabase/functions-js@2.97.0
44 silly packumentCache full:https://registry.npmjs.org/@supabase%2ffunctions-js cache-miss
45 silly fetch manifest @supabase/postgrest-js@2.97.0
46 silly packumentCache full:https://registry.npmjs.org/@supabase%2fpostgrest-js cache-miss
47 silly fetch manifest @supabase/auth-js@2.97.0
48 silly packumentCache full:https://registry.npmjs.org/@supabase%2fauth-js cache-miss
49 silly fetch manifest @supabase/storage-js@2.97.0
50 silly packumentCache full:https://registry.npmjs.org/@supabase%2fstorage-js cache-miss
51 silly fetch manifest @supabase/realtime-js@2.97.0
52 silly packumentCache full:https://registry.npmjs.org/@supabase%2frealtime-js cache-miss
53 http fetch GET 200 https://registry.npmjs.org/cookie 76ms (cache miss)
54 silly packumentCache full:https://registry.npmjs.org/cookie set size:undefined disposed:false
55 silly fetch manifest @supabase/functions-js@2.97.0
56 silly packumentCache full:https://registry.npmjs.org/@supabase%2ffunctions-js cache-miss
57 http fetch GET 200 https://registry.npmjs.org/@supabase%2fauth-js 600ms (cache miss)
58 silly packumentCache full:https://registry.npmjs.org/@supabase%2fauth-js set size:undefined disposed:false
59 silly fetch manifest @supabase/postgrest-js@2.97.0
60 silly packumentCache full:https://registry.npmjs.org/@supabase%2fpostgrest-js cache-miss
61 http fetch GET 200 https://registry.npmjs.org/@supabase%2fauth-js 621ms (cache miss)
62 silly packumentCache full:https://registry.npmjs.org/@supabase%2fauth-js set size:undefined disposed:false
63 silly fetch manifest @alloc/quick-lru@^5.2.0
64 silly packumentCache full:https://registry.npmjs.org/@alloc%2fquick-lru cache-miss
65 http fetch GET 200 https://registry.npmjs.org/@supabase%2fpostgrest-js 132ms (cache miss)
66 silly packumentCache full:https://registry.npmjs.org/@supabase%2fpostgrest-js set size:undefined disposed:false
67 silly fetch manifest postcss@^8.5.6
68 silly packumentCache full:https://registry.npmjs.org/postcss cache-miss
69 http cache https://registry.npmjs.org/postcss 19ms (cache hit)
70 silly packumentCache full:https://registry.npmjs.org/postcss set size:696248 disposed:false
71 silly fetch manifest @tailwindcss/node@4.2.1
72 silly packumentCache full:https://registry.npmjs.org/@tailwindcss%2fnode cache-miss
73 http fetch GET 200 https://registry.npmjs.org/@supabase%2frealtime-js 770ms (cache miss)
74 silly packumentCache full:https://registry.npmjs.org/@supabase%2frealtime-js set size:undefined disposed:false
75 silly fetch manifest tailwindcss@4.2.1
76 silly packumentCache full:https://registry.npmjs.org/tailwindcss cache-miss
77 http fetch GET 200 https://registry.npmjs.org/@supabase%2frealtime-js 774ms (cache miss)
78 silly packumentCache full:https://registry.npmjs.org/@supabase%2frealtime-js set size:undefined disposed:false
79 silly fetch manifest @tailwindcss/oxide@4.2.1
80 silly packumentCache full:https://registry.npmjs.org/@tailwindcss%2foxide cache-miss
81 http fetch GET 200 https://registry.npmjs.org/@supabase%2fpostgrest-js 779ms (cache miss)
82 silly packumentCache full:https://registry.npmjs.org/@supabase%2fpostgrest-js set size:undefined disposed:false
83 http cache https://registry.npmjs.org/tailwindcss 19ms (cache hit)
84 silly packumentCache full:https://registry.npmjs.org/tailwindcss set size:10222756 disposed:false
85 http fetch GET 200 https://registry.npmjs.org/@supabase%2ffunctions-js 981ms (cache miss)
86 silly packumentCache full:https://registry.npmjs.org/@supabase%2ffunctions-js set size:undefined disposed:false
87 http fetch GET 200 https://registry.npmjs.org/@supabase%2fstorage-js 987ms (cache miss)
88 silly packumentCache full:https://registry.npmjs.org/@supabase%2fstorage-js set size:undefined disposed:false
89 http fetch GET 200 https://registry.npmjs.org/@supabase%2fstorage-js 1020ms (cache miss)
90 silly packumentCache full:https://registry.npmjs.org/@supabase%2fstorage-js set size:undefined disposed:false
91 http fetch GET 200 https://registry.npmjs.org/@tailwindcss%2foxide 291ms (cache miss)
92 silly packumentCache full:https://registry.npmjs.org/@tailwindcss%2foxide set size:undefined disposed:false
93 http fetch GET 200 https://registry.npmjs.org/@alloc%2fquick-lru 457ms (cache miss)
94 silly packumentCache full:https://registry.npmjs.org/@alloc%2fquick-lru set size:undefined disposed:false
95 http fetch GET 200 https://registry.npmjs.org/@tailwindcss%2fnode 319ms (cache miss)
96 silly packumentCache full:https://registry.npmjs.org/@tailwindcss%2fnode set size:undefined disposed:false
97 http fetch GET 200 https://registry.npmjs.org/@supabase%2ffunctions-js 1185ms (cache miss)
98 silly packumentCache full:https://registry.npmjs.org/@supabase%2ffunctions-js set size:undefined disposed:false
99 silly placeDep ROOT cookie@1.1.1 OK for: @supabase/ssr@0.8.0 want: ^1.0.2
100 silly placeDep ROOT @supabase/auth-js@2.97.0 OK for: @supabase/supabase-js@2.97.0 want: 2.97.0
101 silly placeDep ROOT @supabase/functions-js@2.97.0 OK for: @supabase/supabase-js@2.97.0 want: 2.97.0
102 silly placeDep ROOT @supabase/postgrest-js@2.97.0 OK for: @supabase/supabase-js@2.97.0 want: 2.97.0
103 silly placeDep ROOT @supabase/realtime-js@2.97.0 OK for: @supabase/supabase-js@2.97.0 want: 2.97.0
104 silly placeDep ROOT @supabase/storage-js@2.97.0 OK for: @supabase/supabase-js@2.97.0 want: 2.97.0
105 silly fetch manifest ws@^8.18.2
106 silly packumentCache full:https://registry.npmjs.org/ws cache-miss
107 silly fetch manifest @types/ws@^8.18.1
108 silly packumentCache full:https://registry.npmjs.org/@types%2fws cache-miss
109 silly fetch manifest @types/phoenix@^1.6.6
110 silly packumentCache full:https://registry.npmjs.org/@types%2fphoenix cache-miss
111 silly fetch manifest iceberg-js@^0.8.1
112 silly packumentCache full:https://registry.npmjs.org/iceberg-js cache-miss
113 http fetch GET 200 https://registry.npmjs.org/@types%2fws 86ms (cache miss)
114 silly packumentCache full:https://registry.npmjs.org/@types%2fws set size:undefined disposed:false
115 http fetch GET 200 https://registry.npmjs.org/ws 121ms (cache miss)
116 silly packumentCache full:https://registry.npmjs.org/ws set size:undefined disposed:false
117 http fetch GET 200 https://registry.npmjs.org/iceberg-js 248ms (cache miss)
118 silly packumentCache full:https://registry.npmjs.org/iceberg-js set size:undefined disposed:false
119 http fetch GET 200 https://registry.npmjs.org/@types%2fphoenix 522ms (cache miss)
120 silly packumentCache full:https://registry.npmjs.org/@types%2fphoenix set size:undefined disposed:false
121 silly fetch manifest bufferutil@^4.0.1
122 silly packumentCache full:https://registry.npmjs.org/bufferutil cache-miss
123 http fetch GET 200 https://registry.npmjs.org/bufferutil 56ms (cache miss)
124 silly packumentCache full:https://registry.npmjs.org/bufferutil set size:undefined disposed:false
125 silly fetch manifest utf-8-validate@>=5.0.2
126 silly packumentCache full:https://registry.npmjs.org/utf-8-validate cache-miss
127 http fetch GET 200 https://registry.npmjs.org/utf-8-validate 63ms (cache miss)
128 silly packumentCache full:https://registry.npmjs.org/utf-8-validate set size:undefined disposed:false
129 silly placeDep ROOT @types/phoenix@1.6.7 OK for: @supabase/realtime-js@2.97.0 want: ^1.6.6
130 silly placeDep ROOT @types/ws@8.18.1 OK for: @supabase/realtime-js@2.97.0 want: ^8.18.1
131 silly placeDep ROOT ws@8.19.0 OK for: @supabase/realtime-js@2.97.0 want: ^8.18.2
132 silly placeDep ROOT iceberg-js@0.8.1 OK for: @supabase/storage-js@2.97.0 want: ^0.8.1
133 silly placeDep ROOT @alloc/quick-lru@5.2.0 OK for: @tailwindcss/postcss@4.2.1 want: ^5.2.0
134 silly placeDep ROOT @tailwindcss/node@4.2.1 OK for: @tailwindcss/postcss@4.2.1 want: 4.2.1
135 silly placeDep ROOT @tailwindcss/oxide@4.2.1 OK for: @tailwindcss/postcss@4.2.1 want: 4.2.1
136 silly placeDep node_modules/@tailwindcss/postcss postcss@8.5.6 OK for: @tailwindcss/postcss@4.2.1 want: ^8.5.6
137 silly fetch manifest enhanced-resolve@^5.19.0
138 silly packumentCache full:https://registry.npmjs.org/enhanced-resolve cache-miss
139 silly fetch manifest jiti@^2.6.1
140 silly packumentCache full:https://registry.npmjs.org/jiti cache-miss
141 silly fetch manifest lightningcss@1.31.1
142 silly packumentCache full:https://registry.npmjs.org/lightningcss cache-miss
143 silly fetch manifest magic-string@^0.30.21
144 silly packumentCache full:https://registry.npmjs.org/magic-string cache-miss
145 silly fetch manifest @tailwindcss/oxide-android-arm64@4.2.1
146 silly packumentCache full:https://registry.npmjs.org/@tailwindcss%2foxide-android-arm64 cache-miss
147 silly fetch manifest @tailwindcss/oxide-darwin-x64@4.2.1
148 silly packumentCache full:https://registry.npmjs.org/@tailwindcss%2foxide-darwin-x64 cache-miss
149 silly fetch manifest @tailwindcss/oxide-freebsd-x64@4.2.1
150 silly packumentCache full:https://registry.npmjs.org/@tailwindcss%2foxide-freebsd-x64 cache-miss
151 silly fetch manifest @tailwindcss/oxide-linux-arm-gnueabihf@4.2.1
152 silly packumentCache full:https://registry.npmjs.org/@tailwindcss%2foxide-linux-arm-gnueabihf cache-miss
153 silly fetch manifest @tailwindcss/oxide-linux-arm64-gnu@4.2.1
154 silly packumentCache full:https://registry.npmjs.org/@tailwindcss%2foxide-linux-arm64-gnu cache-miss
155 http cache https://registry.npmjs.org/jiti 7ms (cache hit)
156 silly packumentCache full:https://registry.npmjs.org/jiti set size:382310 disposed:false
157 silly fetch manifest @tailwindcss/oxide-linux-arm64-musl@4.2.1
158 silly packumentCache full:https://registry.npmjs.org/@tailwindcss%2foxide-linux-arm64-musl cache-miss
159 http fetch GET 200 https://registry.npmjs.org/lightningcss 68ms (cache miss)
160 silly packumentCache full:https://registry.npmjs.org/lightningcss set size:undefined disposed:false
161 silly fetch manifest @tailwindcss/oxide-linux-x64-gnu@4.2.1
162 silly packumentCache full:https://registry.npmjs.org/@tailwindcss%2foxide-linux-x64-gnu cache-miss
163 http fetch GET 200 https://registry.npmjs.org/magic-string 74ms (cache miss)
164 silly packumentCache full:https://registry.npmjs.org/magic-string set size:undefined disposed:false
165 silly fetch manifest @tailwindcss/oxide-linux-x64-musl@4.2.1
166 silly packumentCache full:https://registry.npmjs.org/@tailwindcss%2foxide-linux-x64-musl cache-miss
167 http fetch GET 200 https://registry.npmjs.org/enhanced-resolve 77ms (cache miss)
168 silly packumentCache full:https://registry.npmjs.org/enhanced-resolve set size:undefined disposed:false
169 silly fetch manifest @tailwindcss/oxide-wasm32-wasi@4.2.1
170 silly packumentCache full:https://registry.npmjs.org/@tailwindcss%2foxide-wasm32-wasi cache-miss
171 http fetch GET 200 https://registry.npmjs.org/@tailwindcss%2foxide-linux-arm64-musl 186ms (cache miss)
172 silly packumentCache full:https://registry.npmjs.org/@tailwindcss%2foxide-linux-arm64-musl set size:undefined disposed:false
173 silly fetch manifest @tailwindcss/oxide-win32-arm64-msvc@4.2.1
174 silly packumentCache full:https://registry.npmjs.org/@tailwindcss%2foxide-win32-arm64-msvc cache-miss
175 http fetch GET 200 https://registry.npmjs.org/@tailwindcss%2foxide-linux-arm-gnueabihf 215ms (cache miss)
176 silly packumentCache full:https://registry.npmjs.org/@tailwindcss%2foxide-linux-arm-gnueabihf set size:undefined disposed:false
177 silly fetch manifest @tailwindcss/oxide-win32-x64-msvc@4.2.1
178 silly packumentCache full:https://registry.npmjs.org/@tailwindcss%2foxide-win32-x64-msvc cache-miss
179 http fetch GET 200 https://registry.npmjs.org/@tailwindcss%2foxide-android-arm64 226ms (cache miss)
180 silly packumentCache full:https://registry.npmjs.org/@tailwindcss%2foxide-android-arm64 set size:undefined disposed:false
181 silly fetch manifest @tailwindcss/oxide-darwin-arm64@4.2.1
182 silly packumentCache full:https://registry.npmjs.org/@tailwindcss%2foxide-darwin-arm64 cache-miss
183 http fetch GET 200 https://registry.npmjs.org/@tailwindcss%2foxide-linux-x64-musl 157ms (cache miss)
184 silly packumentCache full:https://registry.npmjs.org/@tailwindcss%2foxide-linux-x64-musl set size:undefined disposed:false
185 http fetch GET 200 https://registry.npmjs.org/@tailwindcss%2foxide-darwin-x64 244ms (cache miss)
186 silly packumentCache full:https://registry.npmjs.org/@tailwindcss%2foxide-darwin-x64 set size:undefined disposed:false
187 http fetch GET 200 https://registry.npmjs.org/@tailwindcss%2foxide-freebsd-x64 282ms (cache miss)
188 silly packumentCache full:https://registry.npmjs.org/@tailwindcss%2foxide-freebsd-x64 set size:undefined disposed:false
189 http fetch GET 200 https://registry.npmjs.org/@tailwindcss%2foxide-linux-x64-gnu 235ms (cache miss)
190 silly packumentCache full:https://registry.npmjs.org/@tailwindcss%2foxide-linux-x64-gnu set size:undefined disposed:false
191 http fetch GET 200 https://registry.npmjs.org/@tailwindcss%2foxide-win32-x64-msvc 155ms (cache miss)
192 silly packumentCache full:https://registry.npmjs.org/@tailwindcss%2foxide-win32-x64-msvc set size:undefined disposed:false
193 http fetch GET 200 https://registry.npmjs.org/@tailwindcss%2foxide-wasm32-wasi 309ms (cache miss)
194 silly packumentCache full:https://registry.npmjs.org/@tailwindcss%2foxide-wasm32-wasi set size:undefined disposed:false
195 http fetch GET 200 https://registry.npmjs.org/@tailwindcss%2foxide-linux-arm64-gnu 389ms (cache miss)
196 silly packumentCache full:https://registry.npmjs.org/@tailwindcss%2foxide-linux-arm64-gnu set size:undefined disposed:false
197 http fetch GET 200 https://registry.npmjs.org/@tailwindcss%2foxide-darwin-arm64 192ms (cache miss)
198 silly packumentCache full:https://registry.npmjs.org/@tailwindcss%2foxide-darwin-arm64 set size:undefined disposed:false
199 http fetch GET 200 https://registry.npmjs.org/@tailwindcss%2foxide-win32-arm64-msvc 307ms (cache miss)
200 silly packumentCache full:https://registry.npmjs.org/@tailwindcss%2foxide-win32-arm64-msvc set size:undefined disposed:false
201 silly placeDep ROOT enhanced-resolve@5.19.0 OK for: @tailwindcss/node@4.2.1 want: ^5.19.0
202 silly placeDep ROOT jiti@2.6.1 OK for: @tailwindcss/node@4.2.1 want: ^2.6.1
203 silly placeDep ROOT lightningcss@1.31.1 OK for: @tailwindcss/node@4.2.1 want: 1.31.1
204 silly placeDep ROOT magic-string@0.30.21 OK for: @tailwindcss/node@4.2.1 want: ^0.30.21
205 silly fetch manifest graceful-fs@^4.2.4
206 silly packumentCache full:https://registry.npmjs.org/graceful-fs cache-miss
207 silly fetch manifest tapable@^2.3.0
208 silly packumentCache full:https://registry.npmjs.org/tapable cache-miss
209 silly fetch manifest lightningcss-darwin-x64@1.31.1
210 silly packumentCache full:https://registry.npmjs.org/lightningcss-darwin-x64 cache-miss
211 silly fetch manifest lightningcss-linux-x64-gnu@1.31.1
212 silly packumentCache full:https://registry.npmjs.org/lightningcss-linux-x64-gnu cache-miss
213 silly fetch manifest lightningcss-win32-x64-msvc@1.31.1
214 silly packumentCache full:https://registry.npmjs.org/lightningcss-win32-x64-msvc cache-miss
215 silly fetch manifest lightningcss-win32-arm64-msvc@1.31.1
216 silly packumentCache full:https://registry.npmjs.org/lightningcss-win32-arm64-msvc cache-miss
217 silly fetch manifest lightningcss-darwin-arm64@1.31.1
218 silly packumentCache full:https://registry.npmjs.org/lightningcss-darwin-arm64 cache-miss
219 silly fetch manifest lightningcss-linux-arm64-gnu@1.31.1
220 silly packumentCache full:https://registry.npmjs.org/lightningcss-linux-arm64-gnu cache-miss
221 silly fetch manifest lightningcss-linux-arm-gnueabihf@1.31.1
222 silly packumentCache full:https://registry.npmjs.org/lightningcss-linux-arm-gnueabihf cache-miss
223 http fetch GET 200 https://registry.npmjs.org/lightningcss-linux-arm64-gnu 59ms (cache miss)
224 silly packumentCache full:https://registry.npmjs.org/lightningcss-linux-arm64-gnu set size:undefined disposed:false
225 silly fetch manifest lightningcss-linux-arm64-musl@1.31.1
226 silly packumentCache full:https://registry.npmjs.org/lightningcss-linux-arm64-musl cache-miss
227 http fetch GET 200 https://registry.npmjs.org/tapable 60ms (cache miss)
228 silly packumentCache full:https://registry.npmjs.org/tapable set size:undefined disposed:false
229 silly fetch manifest lightningcss-linux-x64-musl@1.31.1
230 silly packumentCache full:https://registry.npmjs.org/lightningcss-linux-x64-musl cache-miss
231 http fetch GET 200 https://registry.npmjs.org/lightningcss-win32-arm64-msvc 67ms (cache miss)
232 silly packumentCache full:https://registry.npmjs.org/lightningcss-win32-arm64-msvc set size:undefined disposed:false
233 silly fetch manifest lightningcss-freebsd-x64@1.31.1
234 silly packumentCache full:https://registry.npmjs.org/lightningcss-freebsd-x64 cache-miss
235 http fetch GET 200 https://registry.npmjs.org/lightningcss-darwin-arm64 68ms (cache miss)
236 silly packumentCache full:https://registry.npmjs.org/lightningcss-darwin-arm64 set size:undefined disposed:false
237 silly fetch manifest lightningcss-android-arm64@1.31.1
238 silly packumentCache full:https://registry.npmjs.org/lightningcss-android-arm64 cache-miss
239 http fetch GET 200 https://registry.npmjs.org/lightningcss-win32-x64-msvc 68ms (cache miss)
240 silly packumentCache full:https://registry.npmjs.org/lightningcss-win32-x64-msvc set size:undefined disposed:false
241 http fetch GET 200 https://registry.npmjs.org/lightningcss-linux-arm-gnueabihf 68ms (cache miss)
242 silly packumentCache full:https://registry.npmjs.org/lightningcss-linux-arm-gnueabihf set size:undefined disposed:false
243 http fetch GET 200 https://registry.npmjs.org/lightningcss-linux-x64-gnu 69ms (cache miss)
244 silly packumentCache full:https://registry.npmjs.org/lightningcss-linux-x64-gnu set size:undefined disposed:false
245 http fetch GET 200 https://registry.npmjs.org/graceful-fs 70ms (cache miss)
246 silly packumentCache full:https://registry.npmjs.org/graceful-fs set size:undefined disposed:false
247 http fetch GET 200 https://registry.npmjs.org/lightningcss-freebsd-x64 57ms (cache miss)
248 silly packumentCache full:https://registry.npmjs.org/lightningcss-freebsd-x64 set size:undefined disposed:false
249 http fetch GET 200 https://registry.npmjs.org/lightningcss-linux-arm64-musl 64ms (cache miss)
250 silly packumentCache full:https://registry.npmjs.org/lightningcss-linux-arm64-musl set size:undefined disposed:false
251 http fetch GET 200 https://registry.npmjs.org/lightningcss-android-arm64 64ms (cache miss)
252 silly packumentCache full:https://registry.npmjs.org/lightningcss-android-arm64 set size:undefined disposed:false
253 http fetch GET 200 https://registry.npmjs.org/lightningcss-linux-x64-musl 70ms (cache miss)
254 silly packumentCache full:https://registry.npmjs.org/lightningcss-linux-x64-musl set size:undefined disposed:false
255 http fetch GET 200 https://registry.npmjs.org/lightningcss-darwin-x64 255ms (cache miss)
256 silly packumentCache full:https://registry.npmjs.org/lightningcss-darwin-x64 set size:undefined disposed:false
257 silly placeDep ROOT @tailwindcss/oxide-android-arm64@4.2.1 OK for: @tailwindcss/oxide@4.2.1 want: 4.2.1
258 silly placeDep ROOT @tailwindcss/oxide-darwin-arm64@4.2.1 OK for: @tailwindcss/oxide@4.2.1 want: 4.2.1
259 silly placeDep ROOT @tailwindcss/oxide-darwin-x64@4.2.1 OK for: @tailwindcss/oxide@4.2.1 want: 4.2.1
260 silly placeDep ROOT @tailwindcss/oxide-freebsd-x64@4.2.1 OK for: @tailwindcss/oxide@4.2.1 want: 4.2.1
261 silly placeDep ROOT @tailwindcss/oxide-linux-arm-gnueabihf@4.2.1 OK for: @tailwindcss/oxide@4.2.1 want: 4.2.1
262 silly placeDep ROOT @tailwindcss/oxide-linux-arm64-gnu@4.2.1 OK for: @tailwindcss/oxide@4.2.1 want: 4.2.1
263 silly placeDep ROOT @tailwindcss/oxide-linux-arm64-musl@4.2.1 OK for: @tailwindcss/oxide@4.2.1 want: 4.2.1
264 silly placeDep ROOT @tailwindcss/oxide-linux-x64-gnu@4.2.1 OK for: @tailwindcss/oxide@4.2.1 want: 4.2.1
265 silly placeDep ROOT @tailwindcss/oxide-linux-x64-musl@4.2.1 OK for: @tailwindcss/oxide@4.2.1 want: 4.2.1
266 silly placeDep ROOT @tailwindcss/oxide-wasm32-wasi@4.2.1 OK for: @tailwindcss/oxide@4.2.1 want: 4.2.1
267 silly placeDep ROOT @tailwindcss/oxide-win32-arm64-msvc@4.2.1 OK for: @tailwindcss/oxide@4.2.1 want: 4.2.1
268 silly placeDep ROOT @tailwindcss/oxide-win32-x64-msvc@4.2.1 OK for: @tailwindcss/oxide@4.2.1 want: 4.2.1
269 silly placeDep ROOT graceful-fs@4.2.11 OK for: enhanced-resolve@5.19.0 want: ^4.2.4
270 silly placeDep ROOT tapable@2.3.0 OK for: enhanced-resolve@5.19.0 want: ^2.3.0
271 silly placeDep ROOT lightningcss-android-arm64@1.31.1 OK for: lightningcss@1.31.1 want: 1.31.1
272 silly placeDep ROOT lightningcss-darwin-arm64@1.31.1 OK for: lightningcss@1.31.1 want: 1.31.1
273 silly placeDep ROOT lightningcss-darwin-x64@1.31.1 OK for: lightningcss@1.31.1 want: 1.31.1
274 silly placeDep ROOT lightningcss-freebsd-x64@1.31.1 OK for: lightningcss@1.31.1 want: 1.31.1
275 silly placeDep ROOT lightningcss-linux-arm-gnueabihf@1.31.1 OK for: lightningcss@1.31.1 want: 1.31.1
276 silly placeDep ROOT lightningcss-linux-arm64-gnu@1.31.1 OK for: lightningcss@1.31.1 want: 1.31.1
277 silly placeDep ROOT lightningcss-linux-arm64-musl@1.31.1 OK for: lightningcss@1.31.1 want: 1.31.1
278 silly placeDep ROOT lightningcss-linux-x64-gnu@1.31.1 OK for: lightningcss@1.31.1 want: 1.31.1
279 silly placeDep ROOT lightningcss-linux-x64-musl@1.31.1 OK for: lightningcss@1.31.1 want: 1.31.1
280 silly placeDep ROOT lightningcss-win32-arm64-msvc@1.31.1 OK for: lightningcss@1.31.1 want: 1.31.1
281 silly placeDep ROOT lightningcss-win32-x64-msvc@1.31.1 OK for: lightningcss@1.31.1 want: 1.31.1
282 silly reify moves {}
283 silly audit bulk request {
283 silly audit   '@babel/code-frame': [ '7.29.0' ],
283 silly audit   '@babel/compat-data': [ '7.29.0' ],
283 silly audit   '@babel/core': [ '7.29.0' ],
283 silly audit   '@babel/generator': [ '7.29.1' ],
283 silly audit   '@babel/helper-compilation-targets': [ '7.28.6' ],
283 silly audit   '@babel/helper-globals': [ '7.28.0' ],
283 silly audit   '@babel/helper-module-imports': [ '7.28.6' ],
283 silly audit   '@babel/helper-module-transforms': [ '7.28.6' ],
283 silly audit   '@babel/helper-string-parser': [ '7.27.1' ],
283 silly audit   '@babel/helper-validator-identifier': [ '7.28.5' ],
283 silly audit   '@babel/helper-validator-option': [ '7.27.1' ],
283 silly audit   '@babel/helpers': [ '7.28.6' ],
283 silly audit   '@babel/parser': [ '7.29.0' ],
283 silly audit   '@babel/template': [ '7.28.6' ],
283 silly audit   '@babel/traverse': [ '7.29.0' ],
283 silly audit   '@babel/types': [ '7.29.0' ],
283 silly audit   '@emnapi/core': [ '1.8.1' ],
283 silly audit   '@emnapi/runtime': [ '1.8.1' ],
283 silly audit   '@emnapi/wasi-threads': [ '1.1.0' ],
283 silly audit   '@eslint-community/eslint-utils': [ '4.9.1' ],
283 silly audit   'eslint-visitor-keys': [ '3.4.3', '5.0.1', '4.2.1' ],
283 silly audit   '@eslint-community/regexpp': [ '4.12.2' ],
283 silly audit   '@eslint/config-array': [ '0.21.1' ],
283 silly audit   '@eslint/config-helpers': [ '0.4.2' ],
283 silly audit   '@eslint/core': [ '0.17.0' ],
283 silly audit   '@eslint/eslintrc': [ '3.3.3' ],
283 silly audit   '@eslint/js': [ '9.39.3' ],
283 silly audit   '@eslint/object-schema': [ '2.1.7' ],
283 silly audit   '@eslint/plugin-kit': [ '0.4.1' ],
283 silly audit   '@humanfs/core': [ '0.19.1' ],
283 silly audit   '@humanfs/node': [ '0.16.7' ],
283 silly audit   '@humanwhocodes/module-importer': [ '1.0.1' ],
283 silly audit   '@humanwhocodes/retry': [ '0.4.3' ],
283 silly audit   '@img/colour': [ '1.0.0' ],
283 silly audit   '@img/sharp-darwin-arm64': [ '0.34.5' ],
283 silly audit   '@img/sharp-darwin-x64': [ '0.34.5' ],
283 silly audit   '@img/sharp-libvips-darwin-arm64': [ '1.2.4' ],
283 silly audit   '@img/sharp-libvips-darwin-x64': [ '1.2.4' ],
283 silly audit   '@img/sharp-libvips-linux-arm': [ '1.2.4' ],
283 silly audit   '@img/sharp-libvips-linux-arm64': [ '1.2.4' ],
283 silly audit   '@img/sharp-libvips-linux-ppc64': [ '1.2.4' ],
283 silly audit   '@img/sharp-libvips-linux-riscv64': [ '1.2.4' ],
283 silly audit   '@img/sharp-libvips-linux-s390x': [ '1.2.4' ],
283 silly audit   '@img/sharp-libvips-linux-x64': [ '1.2.4' ],
283 silly audit   '@img/sharp-libvips-linuxmusl-arm64': [ '1.2.4' ],
283 silly audit   '@img/sharp-libvips-linuxmusl-x64': [ '1.2.4' ],
283 silly audit   '@img/sharp-linux-arm': [ '0.34.5' ],
283 silly audit   '@img/sharp-linux-arm64': [ '0.34.5' ],
283 silly audit   '@img/sharp-linux-ppc64': [ '0.34.5' ],
283 silly audit   '@img/sharp-linux-riscv64': [ '0.34.5' ],
283 silly audit   '@img/sharp-linux-s390x': [ '0.34.5' ],
283 silly audit   '@img/sharp-linux-x64': [ '0.34.5' ],
283 silly audit   '@img/sharp-linuxmusl-arm64': [ '0.34.5' ],
283 silly audit   '@img/sharp-linuxmusl-x64': [ '0.34.5' ],
283 silly audit   '@img/sharp-wasm32': [ '0.34.5' ],
283 silly audit   '@img/sharp-win32-arm64': [ '0.34.5' ],
283 silly audit   '@img/sharp-win32-ia32': [ '0.34.5' ],
283 silly audit   '@img/sharp-win32-x64': [ '0.34.5' ],
283 silly audit   '@jridgewell/gen-mapping': [ '0.3.13' ],
283 silly audit   '@jridgewell/remapping': [ '2.3.5' ],
283 silly audit   '@jridgewell/resolve-uri': [ '3.1.2' ],
283 silly audit   '@jridgewell/sourcemap-codec': [ '1.5.5' ],
283 silly audit   '@jridgewell/trace-mapping': [ '0.3.31' ],
283 silly audit   '@napi-rs/wasm-runtime': [ '0.2.12' ],
283 silly audit   '@next/env': [ '16.1.6' ],
283 silly audit   '@next/eslint-plugin-next': [ '16.1.6' ],
283 silly audit   '@next/swc-darwin-arm64': [ '16.1.6' ],
283 silly audit   '@next/swc-darwin-x64': [ '16.1.6' ],
283 silly audit   '@next/swc-linux-arm64-gnu': [ '16.1.6' ],
283 silly audit   '@next/swc-linux-arm64-musl': [ '16.1.6' ],
283 silly audit   '@next/swc-linux-x64-gnu': [ '16.1.6' ],
283 silly audit   '@next/swc-linux-x64-musl': [ '16.1.6' ],
283 silly audit   '@next/swc-win32-arm64-msvc': [ '16.1.6' ],
283 silly audit   '@next/swc-win32-x64-msvc': [ '16.1.6' ],
283 silly audit   '@nodelib/fs.scandir': [ '2.1.5' ],
283 silly audit   '@nodelib/fs.stat': [ '2.0.5' ],
283 silly audit   '@nodelib/fs.walk': [ '1.2.8' ],
283 silly audit   '@nolyfill/is-core-module': [ '1.0.39' ],
283 silly audit   '@rtsao/scc': [ '1.1.0' ],
283 silly audit   '@swc/helpers': [ '0.5.15' ],
283 silly audit   '@tybys/wasm-util': [ '0.10.1' ],
283 silly audit   '@types/estree': [ '1.0.8' ],
283 silly audit   '@types/json-schema': [ '7.0.15' ],
283 silly audit   '@types/json5': [ '0.0.29' ],
283 silly audit   '@types/node': [ '20.19.33' ],
283 silly audit   '@types/react': [ '19.2.14' ],
283 silly audit   '@types/react-dom': [ '19.2.3' ],
283 silly audit   '@typescript-eslint/eslint-plugin': [ '8.56.0' ],
283 silly audit   ignore: [ '7.0.5', '5.3.2' ],
283 silly audit   '@typescript-eslint/parser': [ '8.56.0' ],
283 silly audit   '@typescript-eslint/project-service': [ '8.56.0' ],
283 silly audit   '@typescript-eslint/scope-manager': [ '8.56.0' ],
283 silly audit   '@typescript-eslint/tsconfig-utils': [ '8.56.0' ],
283 silly audit   '@typescript-eslint/type-utils': [ '8.56.0' ],
283 silly audit   '@typescript-eslint/types': [ '8.56.0' ],
283 silly audit   '@typescript-eslint/typescript-estree': [ '8.56.0' ],
283 silly audit   'balanced-match': [ '4.0.4', '1.0.2' ],
283 silly audit   'brace-expansion': [ '5.0.3', '1.1.12' ],
283 silly audit   minimatch: [ '9.0.6', '3.1.3' ],
283 silly audit   semver: [ '7.7.4', '6.3.1' ],
283 silly audit   '@typescript-eslint/utils': [ '8.56.0' ],
283 silly audit   '@typescript-eslint/visitor-keys': [ '8.56.0' ],
283 silly audit   '@unrs/resolver-binding-android-arm-eabi': [ '1.11.1' ],
283 silly audit   '@unrs/resolver-binding-android-arm64': [ '1.11.1' ],
283 silly audit   '@unrs/resolver-binding-darwin-arm64': [ '1.11.1' ],
283 silly audit   '@unrs/resolver-binding-darwin-x64': [ '1.11.1' ],
283 silly audit   '@unrs/resolver-binding-freebsd-x64': [ '1.11.1' ],
283 silly audit   '@unrs/resolver-binding-linux-arm-gnueabihf': [ '1.11.1' ],
283 silly audit   '@unrs/resolver-binding-linux-arm-musleabihf': [ '1.11.1' ],
283 silly audit   '@unrs/resolver-binding-linux-arm64-gnu': [ '1.11.1' ],
283 silly audit   '@unrs/resolver-binding-linux-arm64-musl': [ '1.11.1' ],
283 silly audit   '@unrs/resolver-binding-linux-ppc64-gnu': [ '1.11.1' ],
283 silly audit   '@unrs/resolver-binding-linux-riscv64-gnu': [ '1.11.1' ],
283 silly audit   '@unrs/resolver-binding-linux-riscv64-musl': [ '1.11.1' ],
283 silly audit   '@unrs/resolver-binding-linux-s390x-gnu': [ '1.11.1' ],
283 silly audit   '@unrs/resolver-binding-linux-x64-gnu': [ '1.11.1' ],
283 silly audit   '@unrs/resolver-binding-linux-x64-musl': [ '1.11.1' ],
283 silly audit   '@unrs/resolver-binding-wasm32-wasi': [ '1.11.1' ],
283 silly audit   '@unrs/resolver-binding-win32-arm64-msvc': [ '1.11.1' ],
283 silly audit   '@unrs/resolver-binding-win32-ia32-msvc': [ '1.11.1' ],
283 silly audit   '@unrs/resolver-binding-win32-x64-msvc': [ '1.11.1' ],
283 silly audit   acorn: [ '8.16.0' ],
283 silly audit   'acorn-jsx': [ '5.3.2' ],
283 silly audit   ajv: [ '6.14.0' ],
283 silly audit   'ansi-styles': [ '4.3.0' ],
283 silly audit   argparse: [ '2.0.1' ],
283 silly audit   'aria-query': [ '5.3.2' ],
283 silly audit   'array-buffer-byte-length': [ '1.0.2' ],
283 silly audit   'array-includes': [ '3.1.9' ],
283 silly audit   'array.prototype.findlast': [ '1.2.5' ],
283 silly audit   'array.prototype.findlastindex': [ '1.2.6' ],
283 silly audit   'array.prototype.flat': [ '1.3.3' ],
283 silly audit   'array.prototype.flatmap': [ '1.3.3' ],
283 silly audit   'array.prototype.tosorted': [ '1.1.4' ],
283 silly audit   'arraybuffer.prototype.slice': [ '1.0.4' ],
283 silly audit   'ast-types-flow': [ '0.0.8' ],
283 silly audit   'async-function': [ '1.0.0' ],
283 silly audit   'available-typed-arrays': [ '1.0.7' ],
283 silly audit   'axe-core': [ '4.11.1' ],
283 silly audit   'axobject-query': [ '4.1.0' ],
283 silly audit   'baseline-browser-mapping': [ '2.10.0' ],
283 silly audit   braces: [ '3.0.3' ],
283 silly audit   browserslist: [ '4.28.1' ],
283 silly audit   'call-bind': [ '1.0.8' ],
283 silly audit   'call-bind-apply-helpers': [ '1.0.2' ],
283 silly audit   'call-bound': [ '1.0.4' ],
283 silly audit   callsites: [ '3.1.0' ],
283 silly audit   'caniuse-lite': [ '1.0.30001774' ],
283 silly audit   chalk: [ '4.1.2' ],
283 silly audit   'client-only': [ '0.0.1' ],
283 silly audit   'color-convert': [ '2.0.1' ],
283 silly audit   'color-name': [ '1.1.4' ],
283 silly audit   'concat-map': [ '0.0.1' ],
283 silly audit   'convert-source-map': [ '2.0.0' ],
283 silly audit   'cross-spawn': [ '7.0.6' ],
283 silly audit   csstype: [ '3.2.3' ],
283 silly audit   'damerau-levenshtein': [ '1.0.8' ],
283 silly audit   'data-view-buffer': [ '1.0.2' ],
283 silly audit   'data-view-byte-length': [ '1.0.2' ],
283 silly audit   'data-view-byte-offset': [ '1.0.1' ],
283 silly audit   debug: [ '4.4.3', '3.2.7' ],
283 silly audit   'deep-is': [ '0.1.4' ],
283 silly audit   'define-data-property': [ '1.1.4' ],
283 silly audit   'define-properties': [ '1.2.1' ],
283 silly audit   'detect-libc': [ '2.1.2' ],
283 silly audit   doctrine: [ '2.1.0' ],
283 silly audit   'dunder-proto': [ '1.0.1' ],
283 silly audit   'electron-to-chromium': [ '1.5.302' ],
283 silly audit   'emoji-regex': [ '9.2.2' ],
283 silly audit   'es-abstract': [ '1.24.1' ],
283 silly audit   'es-define-property': [ '1.0.1' ],
283 silly audit   'es-errors': [ '1.3.0' ],
283 silly audit   'es-iterator-helpers': [ '1.2.2' ],
283 silly audit   'es-object-atoms': [ '1.1.1' ],
283 silly audit   'es-set-tostringtag': [ '2.1.0' ],
283 silly audit   'es-shim-unscopables': [ '1.1.0' ],
283 silly audit   'es-to-primitive': [ '1.3.0' ],
283 silly audit   escalade: [ '3.2.0' ],
283 silly audit   'escape-string-regexp': [ '4.0.0' ],
283 silly audit   eslint: [ '9.39.3' ],
283 silly audit   'eslint-config-next': [ '16.1.6' ],
283 silly audit   globals: [ '16.4.0', '14.0.0' ],
283 silly audit   'eslint-import-resolver-node': [ '0.3.9' ],
283 silly audit   'eslint-import-resolver-typescript': [ '3.10.1' ],
283 silly audit   'eslint-module-utils': [ '2.12.1' ],
283 silly audit   'eslint-plugin-import': [ '2.32.0' ],
283 silly audit   'eslint-plugin-jsx-a11y': [ '6.10.2' ],
283 silly audit   'eslint-plugin-react': [ '7.37.5' ],
283 silly audit   'eslint-plugin-react-hooks': [ '7.0.1' ],
283 silly audit   resolve: [ '2.0.0-next.6', '1.22.11' ],
283 silly audit   'eslint-scope': [ '8.4.0' ],
283 silly audit   espree: [ '10.4.0' ],
283 silly audit   esquery: [ '1.7.0' ],
283 silly audit   esrecurse: [ '4.3.0' ],
283 silly audit   estraverse: [ '5.3.0' ],
283 silly audit   esutils: [ '2.0.3' ],
283 silly audit   'fast-deep-equal': [ '3.1.3' ],
283 silly audit   'fast-glob': [ '3.3.1' ],
283 silly audit   'glob-parent': [ '5.1.2', '6.0.2' ],
283 silly audit   'fast-json-stable-stringify': [ '2.1.0' ],
283 silly audit   'fast-levenshtein': [ '2.0.6' ],
283 silly audit   fastq: [ '1.20.1' ],
283 silly audit   'file-entry-cache': [ '8.0.0' ],
283 silly audit   'fill-range': [ '7.1.1' ],
283 silly audit   'find-up': [ '5.0.0' ],
283 silly audit   'flat-cache': [ '4.0.1' ],
283 silly audit   flatted: [ '3.3.3' ],
283 silly audit   'for-each': [ '0.3.5' ],
283 silly audit   'function-bind': [ '1.1.2' ],
283 silly audit   'function.prototype.name': [ '1.1.8' ],
283 silly audit   'functions-have-names': [ '1.2.3' ],
283 silly audit   'generator-function': [ '2.0.1' ],
283 silly audit   gensync: [ '1.0.0-beta.2' ],
283 silly audit   'get-intrinsic': [ '1.3.0' ],
283 silly audit   'get-proto': [ '1.0.1' ],
283 silly audit   'get-symbol-description': [ '1.1.0' ],
283 silly audit   'get-tsconfig': [ '4.13.6' ],
283 silly audit   globalthis: [ '1.0.4' ],
283 silly audit   gopd: [ '1.2.0' ],
283 silly audit   'has-bigints': [ '1.1.0' ],
283 silly audit   'has-flag': [ '4.0.0' ],
283 silly audit   'has-property-descriptors': [ '1.0.2' ],
283 silly audit   'has-proto': [ '1.2.0' ],
283 silly audit   'has-symbols': [ '1.1.0' ],
283 silly audit   'has-tostringtag': [ '1.0.2' ],
283 silly audit   hasown: [ '2.0.2' ],
283 silly audit   'hermes-estree': [ '0.25.1' ],
283 silly audit   'hermes-parser': [ '0.25.1' ],
283 silly audit   'import-fresh': [ '3.3.1' ],
283 silly audit   imurmurhash: [ '0.1.4' ],
283 silly audit   'internal-slot': [ '1.1.0' ],
283 silly audit   'is-array-buffer': [ '3.0.5' ],
283 silly audit   'is-async-function': [ '2.1.1' ],
283 silly audit   'is-bigint': [ '1.1.0' ],
283 silly audit   'is-boolean-object': [ '1.2.2' ],
283 silly audit   'is-bun-module': [ '2.0.0' ],
283 silly audit   'is-callable': [ '1.2.7' ],
283 silly audit   'is-core-module': [ '2.16.1' ],
283 silly audit   'is-data-view': [ '1.0.2' ],
283 silly audit   'is-date-object': [ '1.1.0' ],
283 silly audit   'is-extglob': [ '2.1.1' ],
283 silly audit   'is-finalizationregistry': [ '1.1.1' ],
283 silly audit   'is-generator-function': [ '1.1.2' ],
283 silly audit   'is-glob': [ '4.0.3' ],
283 silly audit   'is-map': [ '2.0.3' ],
283 silly audit   'is-negative-zero': [ '2.0.3' ],
283 silly audit   'is-number': [ '7.0.0' ],
283 silly audit   'is-number-object': [ '1.1.1' ],
283 silly audit   'is-regex': [ '1.2.1' ],
283 silly audit   'is-set': [ '2.0.3' ],
283 silly audit   'is-shared-array-buffer': [ '1.0.4' ],
283 silly audit   'is-string': [ '1.1.1' ],
283 silly audit   'is-symbol': [ '1.1.1' ],
283 silly audit   'is-typed-array': [ '1.1.15' ],
283 silly audit   'is-weakmap': [ '2.0.2' ],
283 silly audit   'is-weakref': [ '1.1.1' ],
283 silly audit   'is-weakset': [ '2.0.4' ],
283 silly audit   isarray: [ '2.0.5' ],
283 silly audit   isexe: [ '2.0.0' ],
283 silly audit   'iterator.prototype': [ '1.1.5' ],
283 silly audit   'js-tokens': [ '4.0.0' ],
283 silly audit   'js-yaml': [ '4.1.1' ],
283 silly audit   jsesc: [ '3.1.0' ],
283 silly audit   'json-buffer': [ '3.0.1' ],
283 silly audit   'json-schema-traverse': [ '0.4.1' ],
283 silly audit   'json-stable-stringify-without-jsonify': [ '1.0.1' ],
283 silly audit   json5: [ '2.2.3', '1.0.2' ],
283 silly audit   'jsx-ast-utils': [ '3.3.5' ],
283 silly audit   keyv: [ '4.5.4' ],
283 silly audit   'language-subtag-registry': [ '0.3.23' ],
283 silly audit   'language-tags': [ '1.0.9' ],
283 silly audit   levn: [ '0.4.1' ],
283 silly audit   'locate-path': [ '6.0.0' ],
283 silly audit   'lodash.merge': [ '4.6.2' ],
283 silly audit   'loose-envify': [ '1.4.0' ],
283 silly audit   'lru-cache': [ '5.1.1' ],
283 silly audit   'math-intrinsics': [ '1.1.0' ],
283 silly audit   merge2: [ '1.4.1' ],
283 silly audit   micromatch: [ '4.0.8' ],
283 silly audit   minimist: [ '1.2.8' ],
283 silly audit   ms: [ '2.1.3' ],
283 silly audit   nanoid: [ '3.3.11' ],
283 silly audit   'napi-postinstall': [ '0.3.4' ],
283 silly audit   'natural-compare': [ '1.4.0' ],
283 silly audit   next: [ '16.1.6' ],
283 silly audit   'node-exports-info': [ '1.6.0' ],
283 silly audit   'node-releases': [ '2.0.27' ],
283 silly audit   'object-assign': [ '4.1.1' ],
283 silly audit   'object-inspect': [ '1.13.4' ],
283 silly audit   'object-keys': [ '1.1.1' ],
283 silly audit   'object.assign': [ '4.1.7' ],
283 silly audit   'object.entries': [ '1.1.9' ],
283 silly audit   'object.fromentries': [ '2.0.8' ],
283 silly audit   'object.groupby': [ '1.0.3' ],
283 silly audit   'object.values': [ '1.2.1' ],
283 silly audit   optionator: [ '0.9.4' ],
283 silly audit   'own-keys': [ '1.0.1' ],
283 silly audit   'p-limit': [ '3.1.0' ],
283 silly audit   'p-locate': [ '5.0.0' ],
283 silly audit   'parent-module': [ '1.0.1' ],
283 silly audit   'path-exists': [ '4.0.0' ],
283 silly audit   'path-key': [ '3.1.1' ],
283 silly audit   'path-parse': [ '1.0.7' ],
283 silly audit   picocolors: [ '1.1.1' ],
283 silly audit   picomatch: [ '2.3.1', '4.0.3' ],
283 silly audit   'possible-typed-array-names': [ '1.1.0' ],
283 silly audit   postcss: [ '8.4.31', '8.5.6' ],
283 silly audit   'prelude-ls': [ '1.2.1' ],
283 silly audit   'prop-types': [ '15.8.1' ],
283 silly audit   punycode: [ '2.3.1' ],
283 silly audit   'queue-microtask': [ '1.2.3' ],
283 silly audit   react: [ '19.2.3' ],
283 silly audit   'react-dom': [ '19.2.3' ],
283 silly audit   'react-is': [ '16.13.1' ],
283 silly audit   'reflect.getprototypeof': [ '1.0.10' ],
283 silly audit   'regexp.prototype.flags': [ '1.5.4' ],
283 silly audit   'resolve-from': [ '4.0.0' ],
283 silly audit   'resolve-pkg-maps': [ '1.0.0' ],
283 silly audit   reusify: [ '1.1.0' ],
283 silly audit   'run-parallel': [ '1.2.0' ],
283 silly audit   'safe-array-concat': [ '1.1.3' ],
283 silly audit   'safe-push-apply': [ '1.0.0' ],
283 silly audit   'safe-regex-test': [ '1.1.0' ],
283 silly audit   scheduler: [ '0.27.0' ],
283 silly audit   'set-function-length': [ '1.2.2' ],
283 silly audit   'set-function-name': [ '2.0.2' ],
283 silly audit   'set-proto': [ '1.0.0' ],
283 silly audit   sharp: [ '0.34.5' ],
283 silly audit   'shebang-command': [ '2.0.0' ],
283 silly audit   'shebang-regex': [ '3.0.0' ],
283 silly audit   'side-channel': [ '1.1.0' ],
283 silly audit   'side-channel-list': [ '1.0.0' ],
283 silly audit   'side-channel-map': [ '1.0.1' ],
283 silly audit   'side-channel-weakmap': [ '1.0.2' ],
283 silly audit   'source-map-js': [ '1.2.1' ],
283 silly audit   'stable-hash': [ '0.0.5' ],
283 silly audit   'stop-iteration-iterator': [ '1.1.0' ],
283 silly audit   'string.prototype.includes': [ '2.0.1' ],
283 silly audit   'string.prototype.matchall': [ '4.0.12' ],
283 silly audit   'string.prototype.repeat': [ '1.0.0' ],
283 silly audit   'string.prototype.trim': [ '1.2.10' ],
283 silly audit   'string.prototype.trimend': [ '1.0.9' ],
283 silly audit   'string.prototype.trimstart': [ '1.0.8' ],
283 silly audit   'strip-bom': [ '3.0.0' ],
283 silly audit   'strip-json-comments': [ '3.1.1' ],
283 silly audit   'styled-jsx': [ '5.1.6' ],
283 silly audit   'supports-color': [ '7.2.0' ],
283 silly audit   'supports-preserve-symlinks-flag': [ '1.0.0' ],
283 silly audit   tinyglobby: [ '0.2.15' ],
283 silly audit   fdir: [ '6.5.0' ],
283 silly audit   'to-regex-range': [ '5.0.1' ],
283 silly audit   'ts-api-utils': [ '2.4.0' ],
283 silly audit   'tsconfig-paths': [ '3.15.0' ],
283 silly audit   tslib: [ '2.8.1' ],
283 silly audit   'type-check': [ '0.4.0' ],
283 silly audit   'typed-array-buffer': [ '1.0.3' ],
283 silly audit   'typed-array-byte-length': [ '1.0.3' ],
283 silly audit   'typed-array-byte-offset': [ '1.0.4' ],
283 silly audit   'typed-array-length': [ '1.0.7' ],
283 silly audit   typescript: [ '5.9.3' ],
283 silly audit   'typescript-eslint': [ '8.56.0' ],
283 silly audit   'unbox-primitive': [ '1.1.0' ],
283 silly audit   'undici-types': [ '6.21.0' ],
283 silly audit   'unrs-resolver': [ '1.11.1' ],
283 silly audit   'update-browserslist-db': [ '1.2.3' ],
283 silly audit   'uri-js': [ '4.4.1' ],
283 silly audit   which: [ '2.0.2' ],
283 silly audit   'which-boxed-primitive': [ '1.1.1' ],
283 silly audit   'which-builtin-type': [ '1.2.1' ],
283 silly audit   'which-collection': [ '1.0.2' ],
283 silly audit   'which-typed-array': [ '1.1.20' ],
283 silly audit   'word-wrap': [ '1.2.5' ],
283 silly audit   yallist: [ '3.1.1' ],
283 silly audit   'yocto-queue': [ '0.1.0' ],
283 silly audit   zod: [ '4.3.6' ],
283 silly audit   'zod-validation-error': [ '4.0.2' ],
283 silly audit   '@supabase/ssr': [ '0.8.0' ],
283 silly audit   '@supabase/supabase-js': [ '2.97.0' ],
283 silly audit   '@tailwindcss/postcss': [ '4.2.1' ],
283 silly audit   tailwindcss: [ '4.2.1' ],
283 silly audit   cookie: [ '1.1.1' ],
283 silly audit   '@supabase/auth-js': [ '2.97.0' ],
283 silly audit   '@supabase/functions-js': [ '2.97.0' ],
283 silly audit   '@supabase/postgrest-js': [ '2.97.0' ],
283 silly audit   '@supabase/realtime-js': [ '2.97.0' ],
283 silly audit   '@supabase/storage-js': [ '2.97.0' ],
283 silly audit   '@types/phoenix': [ '1.6.7' ],
283 silly audit   '@types/ws': [ '8.18.1' ],
283 silly audit   ws: [ '8.19.0' ],
283 silly audit   'iceberg-js': [ '0.8.1' ],
283 silly audit   '@alloc/quick-lru': [ '5.2.0' ],
283 silly audit   '@tailwindcss/node': [ '4.2.1' ],
283 silly audit   '@tailwindcss/oxide': [ '4.2.1' ],
283 silly audit   'enhanced-resolve': [ '5.19.0' ],
283 silly audit   jiti: [ '2.6.1' ],
283 silly audit   lightningcss: [ '1.31.1' ],
283 silly audit   'magic-string': [ '0.30.21' ],
283 silly audit   '@tailwindcss/oxide-android-arm64': [ '4.2.1' ],
283 silly audit   '@tailwindcss/oxide-darwin-arm64': [ '4.2.1' ],
283 silly audit   '@tailwindcss/oxide-darwin-x64': [ '4.2.1' ],
283 silly audit   '@tailwindcss/oxide-freebsd-x64': [ '4.2.1' ],
283 silly audit   '@tailwindcss/oxide-linux-arm-gnueabihf': [ '4.2.1' ],
283 silly audit   '@tailwindcss/oxide-linux-arm64-gnu': [ '4.2.1' ],
283 silly audit   '@tailwindcss/oxide-linux-arm64-musl': [ '4.2.1' ],
283 silly audit   '@tailwindcss/oxide-linux-x64-gnu': [ '4.2.1' ],
283 silly audit   '@tailwindcss/oxide-linux-x64-musl': [ '4.2.1' ],
283 silly audit   '@tailwindcss/oxide-wasm32-wasi': [ '4.2.1' ],
283 silly audit   '@tailwindcss/oxide-win32-arm64-msvc': [ '4.2.1' ],
283 silly audit   '@tailwindcss/oxide-win32-x64-msvc': [ '4.2.1' ],
283 silly audit   'graceful-fs': [ '4.2.11' ],
283 silly audit   tapable: [ '2.3.0' ],
283 silly audit   'lightningcss-android-arm64': [ '1.31.1' ],
283 silly audit   'lightningcss-darwin-arm64': [ '1.31.1' ],
283 silly audit   'lightningcss-darwin-x64': [ '1.31.1' ],
283 silly audit   'lightningcss-freebsd-x64': [ '1.31.1' ],
283 silly audit   'lightningcss-linux-arm-gnueabihf': [ '1.31.1' ],
283 silly audit   'lightningcss-linux-arm64-gnu': [ '1.31.1' ],
283 silly audit   'lightningcss-linux-arm64-musl': [ '1.31.1' ],
283 silly audit   'lightningcss-linux-x64-gnu': [ '1.31.1' ],
283 silly audit   'lightningcss-linux-x64-musl': [ '1.31.1' ],
283 silly audit   'lightningcss-win32-arm64-msvc': [ '1.31.1' ],
283 silly audit   'lightningcss-win32-x64-msvc': [ '1.31.1' ]
283 silly audit }
284 http cache tapable@https://registry.npmjs.org/tapable/-/tapable-2.3.0.tgz 0ms (cache hit)
285 http cache lightningcss-darwin-arm64@https://registry.npmjs.org/lightningcss-darwin-arm64/-/lightningcss-darwin-arm64-1.31.1.tgz 0ms (cache hit)
286 http cache magic-string@https://registry.npmjs.org/magic-string/-/magic-string-0.30.21.tgz 0ms (cache hit)
287 http cache graceful-fs@https://registry.npmjs.org/graceful-fs/-/graceful-fs-4.2.11.tgz 0ms (cache hit)
288 http cache lightningcss@https://registry.npmjs.org/lightningcss/-/lightningcss-1.31.1.tgz 0ms (cache hit)
289 http cache @tailwindcss/oxide-darwin-arm64@https://registry.npmjs.org/@tailwindcss/oxide-darwin-arm64/-/oxide-darwin-arm64-4.2.1.tgz 0ms (cache hit)
290 http cache enhanced-resolve@https://registry.npmjs.org/enhanced-resolve/-/enhanced-resolve-5.19.0.tgz 0ms (cache hit)
291 http cache @tailwindcss/oxide@https://registry.npmjs.org/@tailwindcss/oxide/-/oxide-4.2.1.tgz 0ms (cache hit)
292 http cache @alloc/quick-lru@https://registry.npmjs.org/@alloc/quick-lru/-/quick-lru-5.2.0.tgz 0ms (cache hit)
293 http cache iceberg-js@https://registry.npmjs.org/iceberg-js/-/iceberg-js-0.8.1.tgz 0ms (cache hit)
294 http cache ws@https://registry.npmjs.org/ws/-/ws-8.19.0.tgz 0ms (cache hit)
295 http cache @types/ws@https://registry.npmjs.org/@types/ws/-/ws-8.18.1.tgz 0ms (cache hit)
296 http cache @supabase/storage-js@https://registry.npmjs.org/@supabase/storage-js/-/storage-js-2.97.0.tgz 0ms (cache hit)
297 http cache @tailwindcss/node@https://registry.npmjs.org/@tailwindcss/node/-/node-4.2.1.tgz 0ms (cache hit)
298 http cache @types/phoenix@https://registry.npmjs.org/@types/phoenix/-/phoenix-1.6.7.tgz 0ms (cache hit)
299 http cache @supabase/postgrest-js@https://registry.npmjs.org/@supabase/postgrest-js/-/postgrest-js-2.97.0.tgz 0ms (cache hit)
300 http cache jiti@https://registry.npmjs.org/jiti/-/jiti-2.6.1.tgz 0ms (cache hit)
301 http cache @supabase/realtime-js@https://registry.npmjs.org/@supabase/realtime-js/-/realtime-js-2.97.0.tgz 0ms (cache hit)
302 http cache @supabase/functions-js@https://registry.npmjs.org/@supabase/functions-js/-/functions-js-2.97.0.tgz 0ms (cache hit)
303 http cache tailwindcss@https://registry.npmjs.org/tailwindcss/-/tailwindcss-4.2.1.tgz 0ms (cache hit)
304 http cache @supabase/auth-js@https://registry.npmjs.org/@supabase/auth-js/-/auth-js-2.97.0.tgz 0ms (cache hit)
305 http cache @supabase/ssr@https://registry.npmjs.org/@supabase/ssr/-/ssr-0.8.0.tgz 0ms (cache hit)
306 http cache @tailwindcss/postcss@https://registry.npmjs.org/@tailwindcss/postcss/-/postcss-4.2.1.tgz 0ms (cache hit)
307 http cache @napi-rs/wasm-runtime@https://registry.npmjs.org/@napi-rs/wasm-runtime/-/wasm-runtime-0.2.12.tgz 0ms (cache hit)
308 http cache cookie@https://registry.npmjs.org/cookie/-/cookie-1.1.1.tgz 0ms (cache hit)
309 http cache @emnapi/wasi-threads@https://registry.npmjs.org/@emnapi/wasi-threads/-/wasi-threads-1.1.0.tgz 0ms (cache hit)
310 http cache @supabase/supabase-js@https://registry.npmjs.org/@supabase/supabase-js/-/supabase-js-2.97.0.tgz 0ms (cache hit)
311 http cache @emnapi/core@https://registry.npmjs.org/@emnapi/core/-/core-1.8.1.tgz 0ms (cache hit)
312 http cache postcss@https://registry.npmjs.org/postcss/-/postcss-8.5.6.tgz 0ms (cache hit)
313 http cache @tybys/wasm-util@https://registry.npmjs.org/@tybys/wasm-util/-/wasm-util-0.10.1.tgz 0ms (cache hit)
314 silly tarball no local data for tapable@https://registry.npmjs.org/tapable/-/tapable-2.3.0.tgz. Extracting by manifest.
315 silly tarball no local data for lightningcss-darwin-arm64@https://registry.npmjs.org/lightningcss-darwin-arm64/-/lightningcss-darwin-arm64-1.31.1.tgz. Extracting by manifest.
316 silly tarball no local data for magic-string@https://registry.npmjs.org/magic-string/-/magic-string-0.30.21.tgz. Extracting by manifest.
317 silly tarball no local data for graceful-fs@https://registry.npmjs.org/graceful-fs/-/graceful-fs-4.2.11.tgz. Extracting by manifest.
318 silly tarball no local data for lightningcss@https://registry.npmjs.org/lightningcss/-/lightningcss-1.31.1.tgz. Extracting by manifest.
319 silly tarball no local data for @tailwindcss/oxide-darwin-arm64@https://registry.npmjs.org/@tailwindcss/oxide-darwin-arm64/-/oxide-darwin-arm64-4.2.1.tgz. Extracting by manifest.
320 silly tarball no local data for enhanced-resolve@https://registry.npmjs.org/enhanced-resolve/-/enhanced-resolve-5.19.0.tgz. Extracting by manifest.
321 silly tarball no local data for @tailwindcss/oxide@https://registry.npmjs.org/@tailwindcss/oxide/-/oxide-4.2.1.tgz. Extracting by manifest.
322 silly tarball no local data for @alloc/quick-lru@https://registry.npmjs.org/@alloc/quick-lru/-/quick-lru-5.2.0.tgz. Extracting by manifest.
323 silly tarball no local data for iceberg-js@https://registry.npmjs.org/iceberg-js/-/iceberg-js-0.8.1.tgz. Extracting by manifest.
324 silly tarball no local data for ws@https://registry.npmjs.org/ws/-/ws-8.19.0.tgz. Extracting by manifest.
325 silly tarball no local data for @types/ws@https://registry.npmjs.org/@types/ws/-/ws-8.18.1.tgz. Extracting by manifest.
326 silly tarball no local data for @supabase/storage-js@https://registry.npmjs.org/@supabase/storage-js/-/storage-js-2.97.0.tgz. Extracting by manifest.
327 silly tarball no local data for @tailwindcss/node@https://registry.npmjs.org/@tailwindcss/node/-/node-4.2.1.tgz. Extracting by manifest.
328 silly tarball no local data for @types/phoenix@https://registry.npmjs.org/@types/phoenix/-/phoenix-1.6.7.tgz. Extracting by manifest.
329 silly tarball no local data for @supabase/postgrest-js@https://registry.npmjs.org/@supabase/postgrest-js/-/postgrest-js-2.97.0.tgz. Extracting by manifest.
330 silly tarball no local data for jiti@https://registry.npmjs.org/jiti/-/jiti-2.6.1.tgz. Extracting by manifest.
331 silly tarball no local data for @supabase/realtime-js@https://registry.npmjs.org/@supabase/realtime-js/-/realtime-js-2.97.0.tgz. Extracting by manifest.
332 silly tarball no local data for @supabase/functions-js@https://registry.npmjs.org/@supabase/functions-js/-/functions-js-2.97.0.tgz. Extracting by manifest.
333 silly tarball no local data for tailwindcss@https://registry.npmjs.org/tailwindcss/-/tailwindcss-4.2.1.tgz. Extracting by manifest.
334 silly tarball no local data for @supabase/auth-js@https://registry.npmjs.org/@supabase/auth-js/-/auth-js-2.97.0.tgz. Extracting by manifest.
335 silly tarball no local data for @supabase/ssr@https://registry.npmjs.org/@supabase/ssr/-/ssr-0.8.0.tgz. Extracting by manifest.
336 silly tarball no local data for @tailwindcss/postcss@https://registry.npmjs.org/@tailwindcss/postcss/-/postcss-4.2.1.tgz. Extracting by manifest.
337 silly tarball no local data for @napi-rs/wasm-runtime@https://registry.npmjs.org/@napi-rs/wasm-runtime/-/wasm-runtime-0.2.12.tgz. Extracting by manifest.
338 silly tarball no local data for cookie@https://registry.npmjs.org/cookie/-/cookie-1.1.1.tgz. Extracting by manifest.
339 silly tarball no local data for @emnapi/wasi-threads@https://registry.npmjs.org/@emnapi/wasi-threads/-/wasi-threads-1.1.0.tgz. Extracting by manifest.
340 silly tarball no local data for @supabase/supabase-js@https://registry.npmjs.org/@supabase/supabase-js/-/supabase-js-2.97.0.tgz. Extracting by manifest.
341 silly tarball no local data for @emnapi/core@https://registry.npmjs.org/@emnapi/core/-/core-1.8.1.tgz. Extracting by manifest.
342 silly tarball no local data for @tybys/wasm-util@https://registry.npmjs.org/@tybys/wasm-util/-/wasm-util-0.10.1.tgz. Extracting by manifest.
343 silly tarball no local data for postcss@https://registry.npmjs.org/postcss/-/postcss-8.5.6.tgz. Extracting by manifest.
344 http fetch GET 200 https://registry.npmjs.org/tapable/-/tapable-2.3.0.tgz 84ms (cache miss)
345 http fetch GET 200 https://registry.npmjs.org/enhanced-resolve/-/enhanced-resolve-5.19.0.tgz 85ms (cache miss)
346 http fetch GET 200 https://registry.npmjs.org/graceful-fs/-/graceful-fs-4.2.11.tgz 91ms (cache miss)
347 http fetch GET 200 https://registry.npmjs.org/@tailwindcss/oxide/-/oxide-4.2.1.tgz 90ms (cache miss)
348 http fetch GET 200 https://registry.npmjs.org/lightningcss/-/lightningcss-1.31.1.tgz 91ms (cache miss)
349 http fetch GET 200 https://registry.npmjs.org/magic-string/-/magic-string-0.30.21.tgz 108ms (cache miss)
350 http fetch GET 200 https://registry.npmjs.org/jiti/-/jiti-2.6.1.tgz 226ms (cache miss)
351 http fetch POST 200 https://registry.npmjs.org/-/npm/v1/security/advisories/bulk 243ms
352 silly audit report {
352 silly audit report   minimatch: [
352 silly audit report     {
352 silly audit report       id: 1113371,
352 silly audit report       url: 'https://github.com/advisories/GHSA-3ppc-4f35-3m26',
352 silly audit report       title: 'minimatch has a ReDoS via repeated wildcards with non-matching literal in pattern',
352 silly audit report       severity: 'high',
352 silly audit report       vulnerable_versions: '<10.2.1',
352 silly audit report       cwe: [Array],
352 silly audit report       cvss: [Object]
352 silly audit report     }
352 silly audit report   ]
352 silly audit report }
353 silly packumentCache corgi:https://registry.npmjs.org/minimatch cache-miss
354 http cache https://registry.npmjs.org/minimatch 4ms (cache hit)
355 silly packumentCache corgi:https://registry.npmjs.org/minimatch set size:154574 disposed:false
356 silly packumentCache corgi:https://registry.npmjs.org/@typescript-eslint%2ftypescript-estree cache-miss
357 silly packumentCache corgi:https://registry.npmjs.org/@eslint%2fconfig-array cache-miss
358 silly packumentCache corgi:https://registry.npmjs.org/@eslint%2feslintrc cache-miss
359 silly packumentCache corgi:https://registry.npmjs.org/eslint cache-miss
360 silly packumentCache corgi:https://registry.npmjs.org/eslint-plugin-import cache-miss
361 silly packumentCache corgi:https://registry.npmjs.org/eslint-plugin-jsx-a11y cache-miss
362 silly packumentCache corgi:https://registry.npmjs.org/eslint-plugin-react cache-miss
363 http cache https://registry.npmjs.org/@eslint%2fconfig-array 8ms (cache hit)
364 silly packumentCache corgi:https://registry.npmjs.org/@eslint%2fconfig-array set size:15303 disposed:false
365 http cache https://registry.npmjs.org/eslint-plugin-jsx-a11y 9ms (cache hit)
366 silly packumentCache corgi:https://registry.npmjs.org/eslint-plugin-jsx-a11y set size:108835 disposed:false
367 http cache https://registry.npmjs.org/@eslint%2feslintrc 10ms (cache hit)
368 silly packumentCache corgi:https://registry.npmjs.org/@eslint%2feslintrc set size:80753 disposed:false
369 http cache https://registry.npmjs.org/eslint-plugin-import 11ms (cache hit)
370 silly packumentCache corgi:https://registry.npmjs.org/eslint-plugin-import set size:238396 disposed:false
371 http cache https://registry.npmjs.org/@typescript-eslint%2ftypescript-estree 19ms (cache hit)
372 silly packumentCache corgi:https://registry.npmjs.org/@typescript-eslint%2ftypescript-estree set size:8494054 disposed:false
373 http cache https://registry.npmjs.org/eslint 69ms (cache hit)
374 silly packumentCache corgi:https://registry.npmjs.org/eslint set size:1132877 disposed:false
375 http cache https://registry.npmjs.org/eslint-plugin-react 73ms (cache hit)
376 silly packumentCache corgi:https://registry.npmjs.org/eslint-plugin-react set size:309843 disposed:false
377 silly packumentCache corgi:https://registry.npmjs.org/eslint-config-next cache-miss
378 http fetch GET 200 https://registry.npmjs.org/@types/ws/-/ws-8.18.1.tgz 317ms (cache miss)
379 http fetch GET 200 https://registry.npmjs.org/@alloc/quick-lru/-/quick-lru-5.2.0.tgz 318ms (cache miss)
380 http fetch GET 200 https://registry.npmjs.org/cookie/-/cookie-1.1.1.tgz 321ms (cache miss)
381 http cache https://registry.npmjs.org/eslint-config-next 8ms (cache hit)
382 silly packumentCache corgi:https://registry.npmjs.org/eslint-config-next set size:3715537 disposed:false
383 http fetch GET 200 https://registry.npmjs.org/@tailwindcss/node/-/node-4.2.1.tgz 350ms (cache miss)
384 silly packumentCache corgi:https://registry.npmjs.org/eslint-import-resolver-typescript cache-miss
385 http fetch GET 200 https://registry.npmjs.org/ws/-/ws-8.19.0.tgz 351ms (cache miss)
386 http cache https://registry.npmjs.org/eslint-import-resolver-typescript 17ms (cache hit)
387 silly packumentCache corgi:https://registry.npmjs.org/eslint-import-resolver-typescript set size:138502 disposed:false
388 silly packumentCache corgi:https://registry.npmjs.org/@typescript-eslint%2fparser cache-miss
389 silly packumentCache corgi:https://registry.npmjs.org/@typescript-eslint%2ftype-utils cache-miss
390 silly packumentCache corgi:https://registry.npmjs.org/@typescript-eslint%2futils cache-miss
391 silly packumentCache corgi:https://registry.npmjs.org/typescript-eslint cache-miss
392 http fetch GET 200 https://registry.npmjs.org/@types/phoenix/-/phoenix-1.6.7.tgz 370ms (cache miss)
393 http fetch GET 200 https://registry.npmjs.org/@tailwindcss/oxide-darwin-arm64/-/oxide-darwin-arm64-4.2.1.tgz 374ms (cache miss)
394 http fetch GET 200 https://registry.npmjs.org/tailwindcss/-/tailwindcss-4.2.1.tgz 373ms (cache miss)
395 http cache https://registry.npmjs.org/typescript-eslint 8ms (cache hit)
396 silly packumentCache corgi:https://registry.npmjs.org/typescript-eslint set size:1533651 disposed:false
397 http cache https://registry.npmjs.org/@typescript-eslint%2futils 17ms (cache hit)
398 silly packumentCache corgi:https://registry.npmjs.org/@typescript-eslint%2futils set size:4517972 disposed:false
399 http cache https://registry.npmjs.org/@typescript-eslint%2ftype-utils 38ms (cache hit)
400 silly packumentCache corgi:https://registry.npmjs.org/@typescript-eslint%2ftype-utils set size:4507154 disposed:false
401 http cache https://registry.npmjs.org/@typescript-eslint%2fparser 62ms (cache hit)
402 silly packumentCache corgi:https://registry.npmjs.org/@typescript-eslint%2fparser set size:7892767 disposed:false
403 silly packumentCache corgi:https://registry.npmjs.org/@eslint-community%2feslint-utils cache-miss
404 silly packumentCache corgi:https://registry.npmjs.org/@typescript-eslint%2feslint-plugin cache-miss
405 silly packumentCache corgi:https://registry.npmjs.org/eslint-plugin-react-hooks cache-miss
406 http cache https://registry.npmjs.org/@eslint-community%2feslint-utils 95ms (cache hit)
407 silly packumentCache corgi:https://registry.npmjs.org/@eslint-community%2feslint-utils set size:44347 disposed:false
408 http cache https://registry.npmjs.org/eslint-plugin-react-hooks 99ms (cache hit)
409 silly packumentCache corgi:https://registry.npmjs.org/eslint-plugin-react-hooks set size:4052651 disposed:false
410 http cache https://registry.npmjs.org/@typescript-eslint%2feslint-plugin 118ms (cache hit)
411 silly packumentCache corgi:https://registry.npmjs.org/@typescript-eslint%2feslint-plugin set size:9349854 disposed:false
412 http fetch GET 200 https://registry.npmjs.org/@emnapi/wasi-threads/-/wasi-threads-1.1.0.tgz 735ms (cache miss)
413 http fetch GET 200 https://registry.npmjs.org/iceberg-js/-/iceberg-js-0.8.1.tgz 2293ms (cache miss)
414 http fetch GET 200 https://registry.npmjs.org/@tailwindcss/postcss/-/postcss-4.2.1.tgz 2299ms (cache miss)
415 http fetch GET 200 https://registry.npmjs.org/@supabase/postgrest-js/-/postgrest-js-2.97.0.tgz 2302ms (cache miss)
416 http fetch GET 200 https://registry.npmjs.org/@emnapi/core/-/core-1.8.1.tgz 2311ms (cache miss)
417 http fetch GET 200 https://registry.npmjs.org/postcss/-/postcss-8.5.6.tgz 2313ms (cache miss)
418 http fetch GET 200 https://registry.npmjs.org/@supabase/supabase-js/-/supabase-js-2.97.0.tgz 2316ms (cache miss)
419 http fetch GET 200 https://registry.npmjs.org/@supabase/functions-js/-/functions-js-2.97.0.tgz 2318ms (cache miss)
420 http fetch GET 200 https://registry.npmjs.org/@supabase/storage-js/-/storage-js-2.97.0.tgz 2319ms (cache miss)
421 http fetch GET 200 https://registry.npmjs.org/@tybys/wasm-util/-/wasm-util-0.10.1.tgz 2323ms (cache miss)
422 http fetch GET 200 https://registry.npmjs.org/lightningcss-darwin-arm64/-/lightningcss-darwin-arm64-1.31.1.tgz 2329ms (cache miss)
423 http fetch GET 200 https://registry.npmjs.org/@napi-rs/wasm-runtime/-/wasm-runtime-0.2.12.tgz 2351ms (cache miss)
424 http fetch GET 200 https://registry.npmjs.org/@supabase/ssr/-/ssr-0.8.0.tgz 2352ms (cache miss)
425 http fetch GET 200 https://registry.npmjs.org/@supabase/realtime-js/-/realtime-js-2.97.0.tgz 2352ms (cache miss)
426 http fetch GET 200 https://registry.npmjs.org/@supabase/auth-js/-/auth-js-2.97.0.tgz 2362ms (cache miss)
427 silly ADD node_modules/lightningcss-darwin-arm64
428 silly ADD node_modules/tapable
429 silly ADD node_modules/graceful-fs
430 silly ADD node_modules/@tailwindcss/oxide-darwin-arm64
431 silly ADD node_modules/magic-string
432 silly ADD node_modules/lightningcss
433 silly ADD node_modules/jiti
434 silly ADD node_modules/enhanced-resolve
435 silly ADD node_modules/@tailwindcss/oxide
436 silly ADD node_modules/@tailwindcss/node
437 silly ADD node_modules/@alloc/quick-lru
438 silly ADD node_modules/iceberg-js
439 silly ADD node_modules/ws
440 silly ADD node_modules/@types/ws
441 silly ADD node_modules/@types/phoenix
442 silly ADD node_modules/@supabase/storage-js
443 silly ADD node_modules/@supabase/realtime-js
444 silly ADD node_modules/@supabase/postgrest-js
445 silly ADD node_modules/@supabase/functions-js
446 silly ADD node_modules/@supabase/auth-js
447 silly ADD node_modules/cookie
448 silly ADD node_modules/tailwindcss
449 silly ADD node_modules/@tailwindcss/postcss
450 silly ADD node_modules/@tailwindcss/postcss/node_modules/postcss
451 silly ADD node_modules/@supabase/supabase-js
452 silly ADD node_modules/@supabase/ssr
453 silly ADD node_modules/@tybys/wasm-util
454 silly ADD node_modules/@napi-rs/wasm-runtime
455 silly ADD node_modules/@emnapi/wasi-threads
456 silly ADD node_modules/@emnapi/core
457 verbose cwd /Users/mortenaabomacair/pulsefeed/web
458 verbose os Darwin 25.2.0
459 verbose node v24.13.1
460 verbose npm  v11.8.0
461 verbose exit 0
462 info ok
